TN:
SF:app.ts
FN:5,(anonymous_1)
FNF:1
FNH:1
FNDA:4,(anonymous_1)
DA:1,2
DA:2,2
DA:4,2
DA:5,2
DA:6,4
DA:7,4
DA:10,2
DA:11,2
DA:13,2
LF:9
LH:9
BRF:0
BRH:0
end_of_record
TN:
SF:src\db.ts
FN:7,(anonymous_0)
FNF:1
FNH:1
FNDA:2,(anonymous_0)
DA:1,2
DA:3,2
DA:7,2
DA:8,2
DA:9,2
DA:10,2
DA:12,0
DA:15,2
DA:17,2
LF:9
LH:8
BRF:0
BRH:0
end_of_record
TN:
SF:src\uploadMiddleware.ts
FNF:0
FNH:0
DA:1,2
DA:3,2
DA:4,2
LF:3
LH:3
BRF:0
BRH:0
end_of_record
TN:
SF:src\models\User.ts
FNF:0
FNH:0
DA:1,2
DA:2,2
DA:4,2
DA:25,2
LF:4
LH:4
BRF:0
BRH:0
end_of_record
TN:
SF:src\routes\getUsers.ts
FN:5,(anonymous_1)
FNF:1
FNH:1
FNDA:3,(anonymous_1)
DA:1,2
DA:2,2
DA:5,2
DA:6,3
DA:8,3
DA:10,3
DA:11,1
DA:22,2
DA:24,2
DA:26,1
DA:31,2
LF:11
LH:11
BRDA:10,0,0,1
BRDA:10,0,1,2
BRF:2
BRH:2
end_of_record
TN:
SF:src\routes\index.ts
FNF:0
FNH:0
DA:1,2
DA:2,2
DA:3,2
DA:4,2
DA:6,2
DA:8,2
DA:9,2
DA:11,2
LF:8
LH:8
BRF:0
BRH:0
end_of_record
TN:
SF:src\routes\postFiles.ts
FN:12,(anonymous_1)
FN:23,(anonymous_2)
FN:24,(anonymous_3)
FNF:3
FNH:3
FNDA:1,(anonymous_1)
FNDA:2,(anonymous_2)
FNDA:1,(anonymous_3)
DA:1,2
DA:2,2
DA:3,2
DA:12,2
DA:14,1
DA:15,1
DA:16,1
DA:17,0
DA:20,1
DA:21,1
DA:23,2
DA:26,1
DA:27,2
DA:28,2
DA:29,2
DA:31,1
DA:32,1
DA:35,0
DA:40,2
LF:19
LH:17
BRDA:16,0,0,0
BRF:1
BRH:0
end_of_record
